<?xml version="1.0" encoding="UTF-8"?>
<!-- Generated by org.testng.reporters.JUnitReportReporter -->
<testsuite hostname="IVL-LP213" failures="0" tests="1" name="com.restAssured.RestAPI.ResponseheadersValidation" time="2.348" errors="0" timestamp="2023-02-20T11:14:35 IST" skipped="0">
  <testcase classname="com.restAssured.RestAPI.ResponseheadersValidation" name="Responseheaders" time="2.348"/>
  <system-out/>
</testsuite> <!-- com.restAssured.RestAPI.ResponseheadersValidation -->
