<?xml version="1.0" encoding="UTF-8"?>
<!-- Generated by org.testng.reporters.JUnitReportReporter -->
<testsuite hostname="IVL-LP213" failures="0" tests="1" name="com.restAssured.RestAPI.GetBookHeaders" time="2.111" errors="0" timestamp="2023-02-20T11:47:25 IST" skipped="0">
  <testcase classname="com.restAssured.RestAPI.GetBookHeaders" name="GetBookHeader" time="2.111"/>
  <system-out/>
</testsuite> <!-- com.restAssured.RestAPI.GetBookHeaders -->
