<?xml version="1.0" encoding="UTF-8"?>
<!-- Generated by org.testng.reporters.JUnitReportReporter -->
<testsuite hostname="IVL-LP213" failures="0" tests="1" name="com.restAssured.RestAPI.ValidateBookHeaders" time="2.106" errors="0" timestamp="2023-02-20T11:51:40 IST" skipped="0">
  <testcase classname="com.restAssured.RestAPI.ValidateBookHeaders" name="ValidateBookHeader" time="2.106"/>
  <system-out/>
</testsuite> <!-- com.restAssured.RestAPI.ValidateBookHeaders -->
